2026-04-10 22:56:06,760 - INFO - |==> Data loaded successfully from e:\Certifs\Future_Interns\FUTURE_DS_03\data\raw\bank-marketing.csv
2026-04-10 23:03:15,376 - INFO - |==> Data loaded successfully from e:\Certifs\Future_Interns\FUTURE_DS_03\data\raw\bank-marketing.csv
2026-04-10 23:03:28,418 - INFO - |==> Data loaded successfully from e:\Certifs\Future_Interns\FUTURE_DS_03\data\raw\bank-marketing.csv
2026-04-10 23:05:04,162 - INFO - |==> Data loaded successfully from e:\Certifs\Future_Interns\FUTURE_DS_03\data\raw\bank-marketing.csv
2026-04-10 23:08:27,139 - INFO - |==> Nettoyage des valeurs 'unknown'...
2026-04-10 23:08:27,145 - INFO - |==> Suppression des valeurs manquantes...
2026-04-10 23:08:27,152 - INFO -  3930 miss-values drop
2026-04-10 23:08:27,154 - INFO - |==> Suppression des lignes dupliquees...
2026-04-10 23:08:27,157 - INFO -  0 duplicates drop
2026-04-10 23:08:27,158 - INFO - |==> Nettoyage des types numeriques...
2026-04-10 23:08:27,160 - INFO - |==> Conversion of target in binary...
2026-04-10 23:08:27,162 - INFO - |==> Ajout de l'indicateur d'interet...
2026-04-10 23:08:27,164 - INFO - |==> Ajout de la colonne 'funnel_stage'...
2026-04-10 23:08:57,766 - INFO - |==> Nettoyage des valeurs 'unknown'...
2026-04-10 23:08:57,768 - INFO - |==> Suppression des valeurs manquantes...
2026-04-10 23:08:57,771 - INFO -  0 miss-values drop
2026-04-10 23:08:57,774 - INFO - |==> Suppression des lignes dupliquees...
2026-04-10 23:08:57,779 - INFO -  0 duplicates drop
2026-04-10 23:08:57,780 - INFO - |==> Nettoyage des types numeriques...
2026-04-10 23:08:57,782 - INFO - |==> Conversion of target in binary...
2026-04-10 23:08:57,784 - INFO - |==> Ajout de l'indicateur d'interet...
2026-04-10 23:08:57,785 - INFO - |==> Ajout de la colonne 'funnel_stage'...
2026-04-10 23:20:48,515 - INFO - |==> Data loaded successfully from e:\Certifs\Future_Interns\FUTURE_DS_03\data\raw\bank-marketing.csv
2026-04-10 23:21:02,863 - INFO - |==> Nettoyage des valeurs 'unknown'...
2026-04-10 23:21:02,867 - INFO - |==> Suppression des valeurs manquantes...
2026-04-10 23:21:02,872 - INFO -  3930 miss-values drop
2026-04-10 23:21:02,873 - INFO - |==> Suppression des lignes dupliquees...
2026-04-10 23:21:02,878 - INFO -  0 duplicates drop
2026-04-10 23:21:02,879 - INFO - |==> Nettoyage des types numeriques...
2026-04-10 23:21:02,881 - INFO - |==> Conversion of target in binary...
2026-04-10 23:21:02,884 - INFO - |==> Ajout de l'indicateur d'interet...
2026-04-10 23:21:02,885 - INFO - |==> Ajout de la colonne 'funnel_stage'...
2026-04-11 09:13:55,783 - INFO - |==> Data loaded successfully from e:\Certifs\Future_Interns\FUTURE_DS_03\data\raw\bank-marketing.csv
2026-04-11 09:15:01,271 - INFO - |==> Nettoyage des valeurs 'unknown'...
2026-04-11 09:15:01,281 - INFO - |==> Suppression des valeurs manquantes...
2026-04-11 09:15:01,290 - INFO -  3930 miss-values drop
2026-04-11 09:15:01,291 - INFO - |==> Suppression des lignes dupliquees...
2026-04-11 09:15:01,296 - INFO -  0 duplicates drop
2026-04-11 09:15:01,297 - INFO - |==> Nettoyage des types numeriques...
2026-04-11 09:15:01,302 - INFO - |==> Conversion of target in binary...
2026-04-11 09:15:01,305 - INFO - |==> Ajout de l'indicateur d'interet...
2026-04-11 09:15:01,306 - INFO - |==> Ajout de la colonne 'funnel_stage'...
2026-04-11 10:22:48,685 - INFO - |==> Data loaded successfully from e:\Certifs\Future_Interns\FUTURE_DS_03\data\raw\bank-marketing.csv
2026-04-11 10:23:02,739 - INFO - |==> Nettoyage des valeurs 'unknown'...
2026-04-11 10:23:02,744 - INFO - |==> Suppression des valeurs manquantes...
2026-04-11 10:23:02,751 - INFO -  3930 miss-values drop
2026-04-11 10:23:02,752 - INFO - |==> Suppression des lignes dupliquees...
2026-04-11 10:23:02,756 - INFO -  0 duplicates drop
2026-04-11 10:23:02,757 - INFO - |==> Nettoyage des types numeriques...
2026-04-11 10:23:02,761 - INFO - |==> Conversion of target in binary...
2026-04-11 10:23:02,763 - INFO - |==> Ajout de l'indicateur d'interet...
2026-04-11 10:23:02,765 - INFO - |==> Ajout de la colonne 'funnel_stage'...
2026-04-11 10:27:52,472 - INFO - |==> Data loaded successfully from e:\Certifs\Future_Interns\FUTURE_DS_03\data\raw\bank-marketing.csv
2026-04-11 10:28:04,572 - INFO - |==> Nettoyage des valeurs 'unknown'...
2026-04-11 10:28:04,579 - INFO - |==> Suppression des valeurs manquantes...
2026-04-11 10:28:04,585 - INFO -  3930 miss-values drop
2026-04-11 10:28:04,586 - INFO - |==> Suppression des lignes dupliquees...
2026-04-11 10:28:04,588 - INFO -  0 duplicates drop
2026-04-11 10:28:04,590 - INFO - |==> Nettoyage des types numeriques...
2026-04-11 10:28:04,593 - INFO - |==> Conversion of target in binary...
2026-04-11 10:28:04,594 - INFO - |==> Ajout de l'indicateur d'interet...
2026-04-11 10:28:04,597 - INFO - |==> Ajout de la colonne 'funnel_stage'...
2026-04-11 10:28:08,372 - INFO - ✅ Data saved in: e:\Certifs\Future_Interns\FUTURE_DS_03\data\processed\bank-marketing_cleaned.csv 
2026-04-11 10:31:04,018 - INFO - ✅ Data saved in: e:\Certifs\Future_Interns\FUTURE_DS_03\data\processed\bank-marketing_cleaned.csv 
